[2026-06-02 22:10:23] [INFO] Initialisation du cycle Sentinel...
[2026-06-02 22:10:23] [EXEC] Exécution des modules d'acquisition de données...
[2026-06-02 22:10:23] [SYNC] Début de la synchronisation distante vers sntnl-void...
To https://github.com/sntnl-void/sntnl-architecture.git
   b01e428..b6fcdad  main -> main
[2026-06-02 22:10:25] [SUCCESS] Dépôt GitHub synchronisé avec succès.
[2026-06-02 22:15:41] [INFO] Initialisation du cycle Sentinel...
[2026-06-02 22:15:41] [EXEC] Exécution des modules d'acquisition de données...
[2026-06-02 22:15:41] [SYNC] Début de la synchronisation distante vers sntnl-void...
To https://github.com/sntnl-void/sntnl-architecture.git
   b6fcdad..3137f08  main -> main
[2026-06-02 22:15:43] [SUCCESS] Dépôt GitHub synchronisé avec succès.
[2026-06-02 22:20:35] [INFO] Initialisation du cycle Sentinel...
[2026-06-02 22:20:35] [EXEC] Lancement du Knowledge Scraper (Python)...
SUCCESS: ETHUSDT at 1903.19 (Latency: 0.6453s)
[2026-06-02 22:20:37] [EXEC] Acquisition terminée.
[2026-06-02 22:20:37] [SYNC] Synchronisation des données vers sntnl-void...
To https://github.com/sntnl-void/sntnl-architecture.git
   3137f08..f2f6983  main -> main
[2026-06-02 22:20:39] [SUCCESS] Nouvelles données propulsées sur GitHub.
[2026-06-02 22:23:40] [DAEMON] Démarrage du processus fantôme. Cycle défini sur 900s.
[2026-06-02 22:23:40] [DAEMON] Déclenchement du moteur Sentinel...
[2026-06-02 22:23:40] [INFO] Initialisation du cycle Sentinel...
[2026-06-02 22:23:40] [EXEC] Lancement du Knowledge Scraper (Python)...
SUCCESS: ETHUSDT at 1900.26 (Latency: 0.6426s)
[2026-06-02 22:23:41] [EXEC] Acquisition terminée.
[2026-06-02 22:23:41] [SYNC] Synchronisation des données vers sntnl-void...
To https://github.com/sntnl-void/sntnl-architecture.git
   f2f6983..74fadd2  main -> main
[2026-06-02 22:23:43] [SUCCESS] Nouvelles données propulsées sur GitHub.
[2026-06-02 22:23:43] [DAEMON] Mise en veille pour 900 secondes...
[2026-06-02 22:24:30] [DAEMON] Démarrage du processus fantôme. Cycle défini sur 900s.
[2026-06-02 22:24:30] [DAEMON] Déclenchement du moteur Sentinel...
[2026-06-02 22:24:30] [INFO] Initialisation du cycle Sentinel...
[2026-06-02 22:24:30] [EXEC] Lancement du Knowledge Scraper (Python)...
SUCCESS: ETHUSDT at 1900.82 (Latency: 0.6558s)
[2026-06-02 22:24:32] [EXEC] Acquisition terminée.
[2026-06-02 22:24:32] [SYNC] Synchronisation des données vers sntnl-void...
